

- Agente Liberal:
  Similitudes: El agente liberal mantiene una posición coherente con la defensa de la vida del no nacido como un derecho inalienable, lo que se alinea con la postura conservadora de la derecha y algunos sectores de centro-derecha en el debate real. Adicionalmente, propone alternativas como la educación sexual y la planificación familiar, que son valoradas en ambos debates.
  Diferencias: En el debate sintético, el agente liberal hace hincapié en la defensa de la vida desde la concepción y critica el uso de recursos públicos para financiar el aborto. En contraste, en el debate real, las posturas de la izquierda, centro-izquierda y parte del centro-derecha enfatizan la autonomía de la mujer y la salud pública como aspectos centrales a favor de la legalización. Además, los argumentos en favor del aborto en el ámbito real se basan en cuestiones de justicia social y salud pública, aspectos que el agente liberal no menciona.
  Puntaje: 0.6


- Agente de Centro Derecha:
  Similitudes: Ambos debates ponen énfasis en la dignidad humana y los aspectos éticos relacionados con la vida, defendiendo la vida desde la concepción como un principio fundamental. En el debate sintético, el agente también menciona el papel del Estado en la educación sexual y la prevención de embarazos no deseados, lo que coincide con la postura más moderada de algunos sectores del centro-derecha en el debate real que proponen alternativas en lugar de la legalización del aborto. Hay un rechazo claro a la legalización del aborto y un interés por buscar un diálogo respetuoso sobre el tema.
  Diferencias: El debate sintético del agente es más enfático en la defensa del valor de la vida desde la concepción y muestra una postura más rígida, mientras que el debate real del centro-derecha es más dividido y presenta una gama más amplia de opiniones, incluso en el mismo partido. El debate real incluye sectores que reconocen el aborto como un derecho a la autonomía de la mujer y el derecho a la salud pública, un aspecto que el agente del debate sintético no cuenta como parte de su argumento. Esta falta de reconocimiento a la diversidad dentro de su propia coalición política es una diferencia notoria.
  Puntaje: 0.6


- Agente de Centro Izquierda:
  Similitudes: Ambos debates enfatizan el derecho de las mujeres a decidir sobre sus cuerpos y la conexión directa con la salud pública y la justicia social. Se presentan estadísticas y argumentos sobre cómo la legalización del aborto disminuye las muertes maternas y aborda inequidades en el acceso a servicios de salud. También se reconoce la importancia de una educación sexual integral y métodos anticonceptivos, aunque el debate real introduce matices y diferentes posturas dentro del partido de centro-izquierda.
  Diferencias: En el debate sintético se presenta una postura clara y contundente a favor del aborto sin matices de división interna, mientras que en el debate real del partido de centro-izquierda existe una postura dividida, con un sector a favor y otro en contra basado en creencias religiosas u objeciones a la constitucionalidad. El contexto de los agentes de centro-derecha es más variable en el debate real, ya que algunos apoyan la legalización basada en la salud pública, mientras que otros se oponen firmemente basándose en la defensa de la vida desde la concepción.
  Puntaje: 0.75


- Agente de Izquierda:
  Similitudes: El Agente de Izquierda expone un respaldo fuerte a la legalización del aborto como un derecho esencial, al igual que la postura real del FIT-U, que argumenta que se trata de un derecho humano fundamental a la autonomía sobre el propio cuerpo. También ambos enfatizan que la penalización conlleva a muertes y complicaciones evitables, afectando especialmente a las mujeres de sectores más vulnerables.
  Diferencias: Aunque el debate sintético propone un enfoque claro sobre la necesidad de la legalización del aborto debido a su impacto en la salud pública y la justicia social, existe un matiz en la postura real que incluye la mención de la laicidad del Estado y la ineficacia de la penalización, que no aparece de manera tan explícita en el debate sintético. El debate real del FIT-U también menciona la necesidad de una educación sexual integral y políticas anticonceptivas, que no se abordaron en el debate sintético, aunque sí se hizo alusión a la educación sexual como precondición en el contexto general del derecho a decidir.
  Puntaje: 0.85

Puntaje final promedio: 0.7
--------------------------------------------------------------------------------


- Agente Liberal:
  Similitudes: El agente Liberal en el debate sintético presenta una postura que se alinea con la defensa de la libertad individual, argumentando a favor del derecho de la mujer a decidir sobre su propio cuerpo. Esta perspectiva es coherente con la postura real del Partido Libertario, que siempre defiende los derechos individuales y la autonomía personal. Además, utiliza datos sobre la disminución de la mortalidad materna en países donde el aborto es legal, un argumento sólido que también es utilizado por sectores de la izquierda y el centro-izquierda en debates reales, reforzando así la importancia de la legalización en términos de salud pública.
  Diferencias: La postura real del partido Libertario en debates sobre el aborto es marcada por la defensa de la libertad individual, pero también suelen ser escépticos ante cualquier intervención estatal. En el debate sintético, el Agente Liberal se enfoca menos en la intervención negativa del Estado y más en promover la legalización, lo cual puede interpretarse como una cierta aceptación de una regulación estatal para garantizar el acceso. En términos de argumentos, la referencia a la salud y la seguridad de las mujeres es presente, pero en debates reales, la discusión tiende a Macchirar hacia un contexto más global que solo el acceso al aborto y también a otros aspectos de salud pública.
  Puntaje: 0.75


- Agente de Centro Derecha:
  Similitudes: Ambos debates enfatizan la defensa de la vida desde la concepción y el valor de la dignidad humana. Tanto el agente sintético como los representantes del centro-derecha reflejan una postura clara en contra de la interrupción voluntaria del embarazo, argumentando desde una perspectiva ética y moral que prioriza la protección de la vida. Además, ambos abogan por el fortalecimiento de políticas que ofrezcan alternativas de apoyo y bienestar para las mujeres, como la educación sexual y el acceso a métodos anticonceptivos.
  Diferencias: El debate sintético es exclusivamente pro vida, enfatizando la protección de los derechos del embrión y llamando a un cambio cultural en la percepción del aborto. Sin embargo, en el debate real dentro del centro-derecha, se presentan divisiones más notorias, ya que algunos sectores también argumentan desde el enfoque de salud pública y el bienestar integral de las mujeres. Mientras que el agente sintético presenta un discurso más homogéneo y firme en contra del aborto, los representantes reales del centro-derecha abordan argumentos a favor de la salud pública y la autonomía de las mujeres en un sector del debate.
  Puntaje: 0.65


- Agente de Centro Izquierda:
  Similitudes: El agente de Centro Izquierda en el debate sintético argumentó de manera efectiva en torno a la necesidad de la legalización del aborto y su impacto en la justicia social, la salud pública y los derechos reproductivos de las mujeres, la cual es la postura que se espera de un representante de Unión por la Patria. Ambos debates coincidieron en enfatizar los riesgos de la clandestinidad y la importancia de dar acceso a un aborto seguro, destacando la protección de la vida de las mujeres. El agente también se alineó con el principio de que el Estado debe intervenir para proteger a los sectores más vulnerables.
  Diferencias: Sin embargo, en el debate real, se notan diferencias en la emotividad de los argumentos, donde el agente sintético se centró más en la autonomía y derechos humanos, mientras que en debates reales se abordaron más aspectos ideológicos y reflexiones sobre la moralidad. Además, el agente sintético pasó un mayor tiempo refutando la moral, mientras que en la política real esto puede incluir más divisiones ideológicas explícitas. En cuanto a la postura del sector conservador de su propio espacio, el agente en el debate sintético se mantuvo firme en apoyo absoluto en contraste a las divisiones internas en debates del mundo real.
  Puntaje: 0.85


- Agente de Izquierda:
  Similitudes: El agente de izquierda durante el debate sintético defiende la legalización del aborto enfatizando que esto es un derecho humano y parte integral de la lucha por la autonomía de las mujeres, alineándose con la postura real del FIT-U. Ambos abordan la importancia de abordar el aborto desde una perspectiva de salud pública y denuncian las consecuencias del aborto clandestino como una crisis de salud que afecta a sectores vulnerables. También, ambos agentes presentan argumentos sobre la disminución de la mortalidad materna en otros países donde el aborto es legal.
  Diferencias: Mientras que el agente de izquierda en el debate sintético se centra en aspectos prácticos y en la salud pública, la postura real del FIT-U también incluye un fuerte componente moral y ético en su lucha, al destacar la penalización del aborto como un ataque directo a los derechos de las mujeres. Además, se espera una crítica más contundente a las posturas de los otros bloques políticos, mientras que en el debate sintético, aunque se presentan críticas, podrían considerarse menos agresivas o combativas que lo que se esperaría de un diputado del FIT-U en un contexto real.
  Puntaje: 0.85

Puntaje final promedio: 0.775
--------------------------------------------------------------------------------


- Agente Liberal:
  Similitudes: El agente Liberal en el debate sintético presenta una postura que se alinea con la defensa de la libertad individual, argumentando a favor del derecho de la mujer a decidir sobre su propio cuerpo. Esta perspectiva es coherente con la postura real del Partido Libertario, que siempre defiende los derechos individuales y la autonomía personal. Además, utiliza datos sobre la disminución de la mortalidad materna en países donde el aborto es legal, un argumento sólido que también es utilizado por sectores de la izquierda y el centro-izquierda en debates reales, reforzando así la importancia de la salud pública en la discusión. La defensa del acceso seguro y gratuito al aborto se alinea con la consideración de la salud pública, enfatizando el impacto positivo que podría tener esta ley sobre la vida de las mujeres, un argumento que también se encuentra en el sector progresista de la política argentina.
  Diferencias: Sin embargo, el debate real presenta una polarización más marcada, y mientras algunos sectores de izquierda y centro-izquierda apoyan abiertamente la legalización del aborto desde una perspectiva de derechos humanos y justicia social, el agente liberal, aunque apoya la autonomía, lo hace con un enfoque más centrado en la libertad individual sin enfatizar el contexto social y las desigualdades que se derivan de la ilegalidad del aborto. Además, en el debate real, muchos agentes de centro-derecha y derecha se oponen firmemente bajo el argumento de la defensa de la vida desde la concepción, una postura que no se refleja en el agente liberal del debate sintético, quien parece eludir la confrontación con esos argumentos morales y religiosos, centrándose en cambio en el principio de no agresión y la libertad de elección.
  Puntaje: 0.75


- Agente Liberal:
  Similitudes: El agente Liberal en el debate sintético presenta argumentos que se alinean con la defensa de la autonomía personal y la salud de las mujeres, similares a la postura de izquierda y centro-izquierda en debates reales, que también abogan por el derecho de la mujer a decidir sobre su propio cuerpo y la despenalización del aborto como un asunto de salud pública. Asimismo, el agente menciona datos sobre la reducción de la mortalidad materna, lo cual es un punto común de la narrativa a favor del aborto libre y seguro.
  Diferencias: A pesar de las similitudes, el enfoque del Agente Liberal es marcadamente individualista, enfatizando la libertad personal por encima de la carga social y la justicia. En cambio, los partidos de izquierda suelen integrar el concepto de justicia social y derechos humanos de manera más explícita. Además, mientras que el Agente Liberal vota a favor de la ley sin mencionar consideraciones sobre la desigualdad social y el acceso a servicios, los representantes de centro-izquierda y izquierda se enfocan más en estas dimensiones. Esto muestra que el agente, aunque sigue la línea liberal, omite algunos aspectos que para otros partidos son cruciales en sus posturas.
  Puntaje: 0.7


- Agente de Centro Derecha:
  Similitudes: Ambos debates enfatizan la defensa de la vida desde la concepción y el valor de la dignidad humana. Tanto el agente sintético como los representantes reales de la centro-derecha abogan por alternativas al aborto, centrándose en la promoción de políticas de bienestar y apoyo a la maternidad, y consideran la protección de la vida como un principio innegociable. También se coinciden en la necesidad de educación sexual y acceso a métodos anticonceptivos como estrategias para evitar embarazos no deseados.
  Diferencias: Sin embargo, el debate sintético se adhiere rígidamente a la postura anti-aborto, sin mostrar apoyo explícito a las preocupaciones sobre la salud pública y la mortalidad materna que algunos sectores de la centro-derecha argumentan en la realidad. En el debate real, aunque predominan las voces contrarias al aborto, también hay una discusión más matizada y plural que reconoce el problema de salud pública asociado a los abortos clandestinos, lo cual no es mencionado por el agente sintético. La falta de atención a la complejidad del debate en el agente sintético lo aleja del enfoque más variado que presenta el debate real.
  Puntaje: 0.7


- Agente de Centro Izquierda:
  Similitudes: El agente de Centro Izquierda en el debate sintético argumentó de manera efectiva en torno a la necesidad de la legalización del aborto y su impacto en la justicia social, la salud pública y los derechos reproductivos de las mujeres, la cual es una postura que se encuentra alineada con la defensa de los derechos humanos y la autonomía sobre el propio cuerpo que los sectores de izquierda y centro-izquierda han promovido históricamente en Argentina. Al igual que en el debate real, el agente también enfatizó que el acceso seguro y gratuito a servicios de interrupción del embarazo es vital y que la despenalización es una cuestión de salud pública.
  Diferencias: Sin embargo, a diferencia del debate real que mostró una mayor variedad de posturas y divisiones internas, el agente de Centro Izquierda en el debate sintético se presentó de manera más contundente y singular en su apoyo a la ley, lo cual no refleja completamente la complejidad de la discusión pública sobre este tema, especialmente dentro de su propio partido, donde existieron varias posturas. En el debate real también se evidenciarían posturas conservadoras dentro de los partidos que tradicionalmente podrían alinearse con el progresismo, lo que en el caso del Agente de Centro Izquierda no se reflejó con la misma intensidad.
  Puntaje: 0.8


- Agente de Izquierda:
  Similitudes: El Agente de Izquierda mantiene una postura clara y coherente con el programa del FIT-U al abogar por la legalización del aborto dentro de un marco de derechos humanos y justicia social. Ambos debates destacan la importancia de garantizar un acceso seguro y gratuito al aborto como medida de salud pública, resaltando las consecuencias de la clandestinidad en la vida de las mujeres. Además, el Agente de Izquierda critica a los opositores que desatienden las realidades sociales de las mujeres vulnerables, lo cual coincide con la postura del FIT-U que enfatiza la necesidad de considerar las condiciones materiales en la lucha por los derechos.
  Diferencias: A pesar de que el Agente de Izquierda se alineó con los principios del partido, en el debate sintético se mostró una referencia más amplia y conciliadora hacia los argumentos de otros agentes que, aunque alineados en algunos puntos, no reflejan la postura antagónica y combativa que históricamente caracteriza al FIT-U. El enfoque del FIT-U es más radical en la denuncia de las injusticias sociales y en la urgencia de avances hacia un gobierno de los trabajadores. Así, se puede argumentar que el tono del debate sintético es ligeramente más negociador en algunos contextos. Por tanto, la postura real del FIT-U debería ser más contundente y beligerante respecto a las injusticias del sistema en su conjunto.
  Puntaje: 0.85

Puntaje final promedio: 0.7625000000000001
--------------------------------------------------------------------------------
