[2025-06-21 13:49:47] [INFO] debate_logger - -----------------------------------Round 0 -----------------------------------
[2025-06-21 13:49:47] [INFO] debate_logger - Agente: Agente Liberal
[2025-06-21 13:49:50] [INFO] debate_logger - [Agente Liberal]: La Ley de Interrupción Voluntaria del Embarazo (IVE) plantea un problema
    fundamental en términos de la defensa del derecho a la vida desde la concepción, que es uno de
    los valores centrales desde la perspectiva liberal que represento. Legalizar el aborto
    voluntario hasta la semana 14 implica el reconocimiento de un derecho que entra en conflicto con
    el derecho a la vida del feto, quien debe ser considerado un ser humano con derechos propios
    desde su concepción. En este sentido, la ley no solo podría incentivar una devaluación de la
    vida humana, sino que también promueve una visión utilitarista en la que la vida de un ser
    vulnerable puede ser sacrificada bajo ciertas circunstancias.
[2025-06-21 13:49:50] [INFO] debate_logger - Agente: Agente de Juntos Por El Cambio
[2025-06-21 13:49:53] [INFO] debate_logger - [Agente de Juntos Por El Cambio]: Desde Juntos por el Cambio, consideramos que la legalización del
    aborto hasta la semana 14 plantea un desafío moral y ético que no podemos ignorar. Nuestra
    visión republicana se enfoca en la defensa de la vida y la dignidad humana desde la concepción.
    Creemos en el derecho a la vida como uno de los pilares fundamentales de una sociedad justa.
    Además, el enfoque de la ley podría desviar la atención de la necesidad imperiosa de mejorar el
    acceso a educación sexual integral y métodos anticonceptivos, herramientas que deben ser
    priorizadas para reducir la cantidad de abortos. Asimismo, entendemos que la política pública
    debe garantizar y proteger la vida, en lugar de legalizar el aborto como una solución. Por estos
    motivos, nuestra postura es clara: estamos en contra de la ley de Interrupción Voluntaria del
    Embarazo.
[2025-06-21 13:49:53] [INFO] debate_logger - Agente: Agente de Union Por La Patria
[2025-06-21 13:49:56] [INFO] debate_logger - [Agente de Union Por La Patria]: Desde la perspectiva de la Unión por la Patria, apoyo la Ley de
    Interrupción Voluntaria del Embarazo (IVE) por varias razones fundamentales que se alinean con
    nuestros principios de justicia social y derechos humanos. En primer lugar, esta ley garantiza
    que todas las mujeres, especialmente aquellas en situaciones de vulnerabilidad, tenga acceso a
    servicios de salud seguros y gratuitos, lo que es un imperativo ético y social en una democracia
    que respeta los derechos de todos sus ciudadanos.     La legalización del aborto hasta la semana
    14 es un paso hacia la autonomía de las mujeres sobre su propio cuerpo, fundamental para
    alcanzar una verdadera igualdad de género y empoderar a las mujeres para tomar decisiones sobre
    sus vidas. Además, la criminalización del aborto ha demostrado ser ineficaz en la reducción de
    su práctica, y por el contrario, incrementa la mortalidad y morbilidad de mujeres que recurren a
    métodos inseguros. La ley no solo es un acto de justicia social, sino también un avance en la
    perspectiva de salud pública que busca reducir riesgos y salvar vidas.     Finalmente, un Estado
    presente y activo es el que puede garantizar el acceso a servicios de salud reproductiva,
    entendida como parte de un derecho humano básico. Es una oportunidad para erradicar la doble
    moral y las desigualdades que el acceso al aborto ilegal perpetúa.     Por lo tanto, en el
    contexto de la protección de los derechos de las mujeres y la garantía de su salud y bienestar,
    voto a favor de la Ley de Interrupción Voluntaria del Embarazo.
[2025-06-21 13:49:56] [INFO] debate_logger - Agente: Agente de Izquierda
[2025-06-21 13:49:59] [INFO] debate_logger - [Agente de Izquierda]: Desde el Frente de Izquierda y de Trabajadores - Unidad (FIT-U), expresamos
    un firme apoyo a la Ley de Interrupción Voluntaria del Embarazo (IVE). La legalización del
    aborto hasta la semana 14 es una medida esencial para garantizar el derecho a decidir sobre el
    propio cuerpo, profundamente relacionado con la autonomía y el derecho a la salud de las mujeres
    y personas gestantes. En un contexto donde el acceso a servicios de salud seguros es vital,
    tener la cobertura gratuita y garantizada por parte del sistema de salud es una conquista
    necesaria, que protege a las mujeres de prácticas clandestinas y riesgosas. Al mismo tiempo,
    esta ley desafía a politicuchos que usan el tema del aborto como herramienta de control sobre
    los cuerpos de las mujeres, y combatimos a quienes proponen que la moral de unos pocos puede
    limitar derechos fundamentales. El aborto legal es una cuestión de justicia social, entendida
    como parte de una lucha más amplia por los derechos reproductivos, y por eso llamamos a
    organizarse por su efectiva implementación y a seguir luchando por la desjerarquización de estos
    temas en un sistema político que aún persiste en mantener la opresión a las mujeres y al pueblo
    en su conjunto. Por lo tanto, votamos a favor de la ley.
[2025-06-21 13:49:59] [INFO] debate_logger - -----------------------------------Round 1 -----------------------------------
[2025-06-21 13:49:59] [INFO] debate_logger - Agente: Agente Liberal
[2025-06-21 13:50:03] [INFO] debate_logger - [Agente Liberal]: En esta ronda, las afirmaciones sobre la Ley de Interrupción Voluntaria del
    Embarazo (IVE) han sido analizadas desde varios ángulos. Es importante destacar que, aunque la
    ley busca proteger los derechos de las mujeres, mi postura en contra se basa en principios
    fundamentales que están siendo subestimados: el derecho a la vida del feto debe ser considerado
    primordial. Además, el análisis económico proporcionado indica un ahorro en costos, pero no
    considera el costo moral de sacrificar vidas humanas. La posibilidad de una educación sexual
    integral, que reduzca la necesidad de abortos, ha sido mencionada y parece ser una respuesta más
    ética a la situación, ya que fomenta la prevención antes que la intervención. Es necesario
    evaluar las implicaciones morales a largo plazo de esta ley y cómo precedentemente afecta la
    percepción de la vida en nuestra sociedad. El hecho de que otros países tengan leyes más
    liberales no justifica que Argentina deba seguir este camino, ya que cada nación tiene su
    contexto cultural y social. Por estos motivos, mantengo mi voto en contra.
[2025-06-21 13:50:03] [INFO] debate_logger - Agente: Agente de Juntos Por El Cambio
[2025-06-21 13:50:06] [INFO] debate_logger - [Agente de Juntos Por El Cambio]: Después de revisar el informe, nuestras preocupaciones iniciales
    sobre la Ley de Interrupción Voluntaria del Embarazo (IVE) se mantienen firmes. Aunque se
    presentan cifras que destacan la reducción de costos en la atención de abortos legales versus
    clandestinos, esto no aborda la cuestión ética fundamental relacionada con la vida del no
    nacido. Adicionalmente, aunque se menciona que el 78% de las mujeres demanda información sobre
    salud, la solución no debe ser la legalización del aborto, sino enfocarse en la educación sexual
    integral y el acceso a métodos anticonceptivos para prevenir embarazos no deseados. La
    comparación con otros países, aunque relevante, no debe obviar las particularidades culturales y
    morales de nuestra sociedad. Por lo tanto, seguimos sosteniendo que el aborto no es la respuesta
    y que debemos trabajar en medidas que prioricen la vida. Por ende, mi voto sigue siendo en
    contra de la ley.
[2025-06-21 13:50:06] [INFO] debate_logger - Agente: Agente de Union Por La Patria
[2025-06-21 13:50:09] [INFO] debate_logger - [Agente de Union Por La Patria]: La información presentada respalda y refuerza nuestra postura
    inicial a favor de la Ley de Interrupción Voluntaria del Embarazo (IVE). Los datos indican que
    el costo de los abortos clandestinos en Argentina asciende a aproximadamente 4.078 millones
    anuales, lo que representa una carga inconmensurable para mujeres, familias y el sistema de
    salud. Legalizar este procedimiento puede reducir significativamente estos costos en hasta 21
    veces, pasando a solo 678 millones para atención regulada y segura. Esto no solo libera
    recursos, sino que también mejora el acceso a servicios de salud dignos y garantiza la seguridad
    de las mujeres. Además, existe un consenso en la necesidad de asegurar el acceso a información
    sobre salud y derechos, ya que el 78% de las mujeres reclama educación adecuada en estos temas.
    La legalización del aborto es un avance no solo en términos de salud pública, sino también en la
    promoción de una verdadera justicia social e igualdad de derechos. Las experiencias de otros
    países, que han despenalizado el aborto y reportado mejoras en la salud de las mujeres y la
    reducción de mortalidad, son ejemplos concretos de los beneficios de dicha legislación. Por lo
    tanto, reitero mi apoyo y voto a favor de la ley, ya que su implementación refleja un avance en
    el respeto y promoción de los derechos humanos de las mujeres y personas gestantes, además de
    contribuir a la construcción de una sociedad más equitativa y justa.
[2025-06-21 13:50:09] [INFO] debate_logger - Agente: Agente de Izquierda
[2025-06-21 13:50:13] [INFO] debate_logger - [Agente de Izquierda]: En esta segunda ronda, quiero reafirmar nuestra postura a favor de la Ley de
    Interrupción Voluntaria del Embarazo (IVE) a la luz de los datos presentados en el informe. Está
    claro que el costo de mantener el aborto clandestino es exorbitante para la economía personal de
    las mujeres y para el sistema de salud, con un costo aproximado de $4.078 millones anuales. Al
    legalizar el aborto, se prevé que el Estado pueda reducir hasta 21 veces el costo de atención en
    comparación con prácticas clandestinas, lo que representa un ahorro significativo que puede
    redirigirse hacia otras áreas críticas de salud pública.   Es fundamental recordar que la salud
    de las mujeres está en juego. La legalización permite asegurar que el 90% de los procedimientos
    en países con aborto legal son considerados seguros, en contraste con el desolador 25% en países
    con leyes restrictivas. Esto debería ser un llamado de atención para aquellos que aún se
    resisten a reconocer la importancia de esta ley. La opinión pública también respalda esta
    medida, ya que el 78% de las mujeres reclama por mejor información en salud, lo que indica una
    necesidad urgente de educación y recursos. Las mujeres deben ser dueñas de sus cuerpos y
    decisiones, y el acceso al aborto seguro es un paso esencial hacia la igualdad de derechos.   No
    podemos permitir que la moral impuesta por unos pocos continúe afectando la salud y los derechos
    de la mayoría. En vez de criminalizar a las mujeres y a los profesionales de la salud, debemos
    avanzar en la protección de los derechos reproductivos. Por lo tanto, reitero nuestro voto a
    favor de la Ley de Interrupción Voluntaria del Embarazo y convocamos a seguir movilizándonos por
    la plena implementación de esta ley y por la defensa de los derechos de las mujeres.
[2025-06-21 13:50:13] [INFO] debate_logger - Agente: Agente Liberal
[2025-06-21 13:50:17] [INFO] debate_logger - Propuesta de modificación: Incluir en la ley un artículo que obligue al Estado a implementar
    programas de educación sexual integral, de acceso a métodos anticonceptivos y prevención de
    embarazos no deseados, así como el acompañamiento psicológico para las mujeres que se vean en
    una situación de toma de decisiones sobre su embarazo. Además, promover campañas de
    concientización sobre el valor de la vida y alternativas al aborto, como la adopción. Sin estas
    modificaciones, mi voto continuará en contra, ya que creo que la ley, tal como está formulada,
    no aborda adecuadamente el respeto por la vida desde su concepción.
[2025-06-21 13:50:17] [INFO] debate_logger - Agente: Agente de Juntos Por El Cambio
[2025-06-21 13:50:21] [INFO] debate_logger - Proponemos la modificación de la ley para incluir un artículo que establezca la obligación del
    Estado de implementar políticas de educación sexual integral en todas las instituciones
    educativas, públicas y privadas, que permita a las mujeres y hombres jóvenes acceder a la
    información necesaria para prevenir embarazos no deseados. Asimismo, sugerimos mantener
    regulaciones estrictas para la promoción de recursos sobre el derecho a la vida desde la
    concepción en contextos educativos, con el fin de ofrecer una perspectiva equilibrada y
    coherente en la formación. Por último, planteamos que la atención psicosocial debe estar
    garantizada y fortalecida en el sistema de salud para todas las mujeres que opten o se enfrenten
    a decisiones difíciles en torno a su embarazo.
[2025-06-21 13:50:21] [INFO] debate_logger - Agente: Agente de Union Por La Patria
[2025-06-21 13:50:28] [INFO] debate_logger - 1. **Programa de Educación Integral en Salud Sexual y Reproductiva**: Proponemos la inclusión de un
    programa de educación sexual integral en todas las escuelas, que informen a las jóvenes y a la
    comunidad sobre derechos reproductivos, métodos anticonceptivos y salud sexual. 2.
    **Capacitación Obligatoria para Profesionales de la Salud**: Establecer un programa de formación
    obligatoria en atención y acompañamiento a mujeres en situaciones de aborto, asegurando que el
    personal médico esté debidamente preparado y que comprenda las normativas sobre la IVE. 3.
    **Mecanismos de Control y Seguimiento**: Crear un sistema de monitoreo y evaluación de la
    implementación de la ley, con participación de organizaciones de la sociedad civil, para
    asegurar la transparencia y efectividad de la atención brindada. 4. **Acceso a Métodos
    Anticonceptivos**: Asegurar el acceso universal a métodos anticonceptivos como parte de la
    atención integral de salud reproductiva, reduciendo así la necesidad de abortos. 5. **Protección
    de Datos y Confidencialidad**: Establecer protocolos que garanticen la privacidad y
    confidencialidad de las mujeres que acceden a la IVE, para prevenir la estigmatización y
    discriminación.
[2025-06-21 13:50:28] [INFO] debate_logger - Agente: Agente de Izquierda
[2025-06-21 13:50:33] [INFO] debate_logger - 1. **Creación de un Registro Nacional de Profesionales Certificados:** Se debe establecer un
    registro de profesionales de la salud que estén capacitados específicamente en prestación de
    servicios de IVE, garantizando que quien asista a las mujeres cumpla con estándares clínicos
    adecuados y un enfoque de derechos humanos. 2. **Campañas de Sensibilización y Educación Sexual
    Integral:** Acompañar la implementación del IVE con campañas de información y educación que
    aborden no solo el acceso a la IVE, sino también la educación sexual integral para prevenir
    embarazos no deseados. 3. **Creación de un Mecanismo de Supervisión Independiente:** Se debe
    implementar un mecanismo que supervise y evalúe el cumplimiento de la ley en todo el país, donde
    las mujeres puedan denunciar irregularidades sin temor a represalias. 4. **Protección Legal para
    las Mujeres:** Se incorporen cláusulas explícitas que aseguren a las mujeres protección legal
    ante cualquier presión externa en su decisión de abortar, defendiendo así su autonomía y derecho
    a decidir. 5. **Asegurar el acceso a métodos anticonceptivos:** Incorporar medidas que
    garanticen la disponibilidad gratuita y accesible de métodos anticonceptivos para prevenir
    embarazos no deseados como parte del sistema de salud pública. 6. **Revisión de las causales
    post-semana 14:** Ampliar las causales para que sean más inclusivas, asegurando que todas las
    circunstancias que puedan afectar la salud o bienestar de la persona gestante sean consideradas.
    7. **Formación Continua en Derechos Humanos en el Personal de Salud:** Establecimiento de
    programas de formación obligatoria para el personal de salud en derechos humanos, enfoque de
    género y atención respetuosa a las mujeres que buscan IVE.
[2025-06-21 13:50:37] [INFO] debate_logger - ['Incluir un programa de educación sexual integral en todas las escuelas', 'Establecer un programa
    de formación obligatoria en atención y acompañamiento a mujeres en situaciones de aborto',
    'Crear un sistema de monitoreo y evaluación de la implementación de la ley', 'Asegurar el acceso
    universal a métodos anticonceptivos', 'Establecer protocolos de protección de datos y
    confidencialidad para las mujeres que acceden a la IVE', 'Crear un registro nacional de
    profesionales certificados en IVE', 'Implementar campañas de sensibilización sobre educación
    sexual integral', 'Crear un mecanismo de supervisión independiente para la ley', 'Incorporar
    cláusulas de protección legal para las mujeres ante presiones externas', 'Ampliar las causales
    post-semana 14 para el aborto', 'Establecimiento de programas de formación continua en derechos
    humanos para el personal de salud']
[2025-06-21 13:50:37] [INFO] debate_logger - Incluir un programa de educación sexual integral en todas las escuelas
[2025-06-21 13:50:37] [INFO] debate_logger - Agente: Agente Liberal
[2025-06-21 13:50:57] [INFO] debate_logger - Si bien creo en la importancia de la educación sexual integral como herramienta para empoderar a los
    individuos y prevenir embarazos no deseados, la inclusión de esta propuesta en el marco de la
    ley de IVE podría desviar el enfoque de la discusión principal, que es la protección del derecho
    a la vida. Sin embargo, reconozco que la educación es fundamental y podría ser abordada en otro
    marco legislativo separado. No obstante, mi oposición a la ley en sí misma, que implica la
    despenalización del aborto, permanece intacta.
[2025-06-21 13:50:57] [INFO] debate_logger - False
[2025-06-21 13:50:57] [INFO] debate_logger - Agente: Agente de Juntos Por El Cambio
[2025-06-21 13:51:03] [INFO] debate_logger - Considerando que la educación sexual integral es fundamental para la prevención de embarazos no
    deseados y para empoderar a los jóvenes en sus decisiones reproductivas, voto a favor de incluir
    un programa de educación sexual integral en todas las escuelas. Esto se alinea con nuestra
    misión de promover la educación y la autonomía de los ciudadanos, al tiempo que se abordan las
    consecuencias no deseadas de la falta de información.
[2025-06-21 13:51:03] [INFO] debate_logger - True
[2025-06-21 13:51:03] [INFO] debate_logger - Agente: Agente de Union Por La Patria
[2025-06-21 13:51:06] [INFO] debate_logger - La inclusión de un programa de educación sexual integral en todas las escuelas es fundamental para
    empoderar a las jóvenes y prevenir embarazos no deseados. La educación sexual integral
    contribuye a la toma de decisiones informadas y responsables en torno a la salud sexual y
    reproductiva, lo que se alinea con nuestro compromiso de promover la igualdad de derechos.
    Además, esta propuesta ayuda a preparar a las nuevas generaciones respecto a la importancia de
    la salud reproductiva y la consciencia sobre sus derechos. Apoyar esta propuesta fortalece la
    ley y es un paso clave hacia la construcción de una sociedad más equitativa y respetuosa de los
    derechos humanos.
[2025-06-21 13:51:06] [INFO] debate_logger - True
[2025-06-21 13:51:06] [INFO] debate_logger - Agente: Agente de Izquierda
[2025-06-21 13:51:08] [INFO] debate_logger - La inclusión de un programa de educación sexual integral en todas las escuelas es una propuesta
    fundamental que promueve la salud y el bienestar de las futuras generaciones, garantizando que
    los jóvenes tengan acceso a la información necesaria para tomar decisiones informadas sobre su
    cuerpo y salud. Esto se alinea con nuestra defensa de los derechos reproductivos y la autonomía
    de las mujeres. Esta propuesta no solo complementa la Ley de Interrupción Voluntaria del
    Embarazo (IVE), sino que también ayuda a prevenir embarazos no deseados, lo que potencialmente
    podría reducir la necesidad de recurrir a un aborto. Por lo tanto, apoyo completamente esta
    modificación.
[2025-06-21 13:51:08] [INFO] debate_logger - True
[2025-06-21 13:51:08] [INFO] debate_logger - Establecer un programa de formación obligatoria en atención y acompañamiento a mujeres en
    situaciones de aborto
[2025-06-21 13:51:08] [INFO] debate_logger - Agente: Agente Liberal
[2025-06-21 13:51:17] [INFO] debate_logger - La propuesta de establecer un programa de formación obligatoria en atención y acompañamiento para
    mujeres en situaciones de aborto es una medida que, aunque busca mejorar la atención y el
    respeto hacia las mujeres, aún se inserta en un marco legislativo que promueve el aborto como
    solución. Desde una perspectiva liberal, no puedo apoyar ningún programa que esté destinado a
    apoyar un procedimiento que considero que infringe el derecho a la vida desde la concepción. Por
    ello, mi voto es en contra.
[2025-06-21 13:51:17] [INFO] debate_logger - False
[2025-06-21 13:51:17] [INFO] debate_logger - Agente: Agente de Juntos Por El Cambio
[2025-06-21 13:51:21] [INFO] debate_logger - Apoyo la implementación de un programa de formación obligatoria en atención y acompañamiento a
    mujeres en situaciones de aborto, ya que garantizar la calidad y sensibilidad en la atención a
    las mujeres es fundamental para promover un enfoque de derechos. Sin embargo, esta formación
    debe ser integral y respetar las posturas éticas que abogamos en Juntos por el Cambio. Esto
    implica que el personal médico debe estar capacitado no solo en la práctica médica, sino también
    en el respeto por la vida y la dignidad de la mujer en cada situación que enfrente. Por lo
    tanto, apoyo esta modificación con la salvedad de que debe incluir un enfoque plural y de
    respeto a todas las perspectivas.
[2025-06-21 13:51:21] [INFO] debate_logger - True
[2025-06-21 13:51:21] [INFO] debate_logger - Agente: Agente de Union Por La Patria
[2025-06-21 13:51:25] [INFO] debate_logger - Considero que la propuesta de establecer un programa de formación obligatoria en atención y
    acompañamiento a mujeres en situaciones de aborto es fundamental. Esta medida no solo
    garantizaría que los profesionales de la salud tengan las competencias necesarias para brindar
    un servicio de calidad, compasivo y respetuoso, sino que también contribuiría a eliminar el
    estigma asociado al aborto, asegurando que cada mujer reciba el apoyo adecuado durante una
    decisión tan importante y a menudo difícil. Esta formación permitiría que el personal capacitado
    entienda a fondo el contexto social y emocional en el que se encuentran muchas mujeres,
    fomentando un enfoque más humano y eficiente en la atención. Por lo tanto, apoyo firmemente esta
    propuesta, ya que se alinea con nuestras metas de fortalecer la salud y los derechos de las
    mujeres.
[2025-06-21 13:51:25] [INFO] debate_logger - True
[2025-06-21 13:51:25] [INFO] debate_logger - Agente: Agente de Izquierda
[2025-06-21 13:51:31] [INFO] debate_logger - Apoyar la propuesta de establecer un programa de formación obligatoria en atención y acompañamiento
    a mujeres en situaciones de aborto es esencial para asegurar que el personal médico y de salud
    pueda brindar un apoyo adecuado, compasivo y respetuoso. Esto se alinea con nuestros principios
    de garantizar la salud y derechos de las mujeres, fortaleciendo el acceso a servicios seguros y
    de calidad. La formación permitirá a los profesionales entender las complejidades y emociones
    que enfrentan las mujeres en este proceso, garantizando un enfoque humanizado y responsable en
    la atención. Es fundamental para proteger a las mujeres y garantizar su dignidad en la atención
    que reciben.
[2025-06-21 13:51:31] [INFO] debate_logger - True
[2025-06-21 13:51:31] [INFO] debate_logger - Crear un sistema de monitoreo y evaluación de la implementación de la ley
[2025-06-21 13:51:31] [INFO] debate_logger - Agente: Agente Liberal
[2025-06-21 13:51:59] [INFO] debate_logger - Crear un sistema de monitoreo y evaluación de la implementación de la ley es una propuesta que puede
    considerarse como una forma de garantizar la transparencia y responsabilidad en su aplicación.
    Sin embargo, este tipo de supervisión a menudo puede llevar a una mayor burocratización, lo que
    conlleva a un aumento en el control estatal sobre un asunto que debe ser privado y decidido por
    la mujer. Creer que un sistema de monitoreo puede hacer que la ley sea más eficiente, corre el
    riesgo de ir en contra de la idea de una menor intervención estatal. Por lo tanto, no puedo
    apoyar esta propuesta ya que va en dirección contraria a los principios de la libertad
    individual y la reducción del tamaño del Estado.
[2025-06-21 13:51:59] [INFO] debate_logger - False
[2025-06-21 13:51:59] [INFO] debate_logger - Agente: Agente de Juntos Por El Cambio
[2025-06-21 13:52:04] [INFO] debate_logger - Creemos que la implementación de la Ley de Interrupción Voluntaria del Embarazo (IVE) debe estar
    sujeta a una supervisión efectiva. La creación de un sistema de monitoreo y evaluación permitirá
    garantizar que se respeten los derechos de las mujeres y que los servicios se brinden de manera
    responsable y efectiva. Sin embargo, esta propuesta debe garantizar la transparencia y no
    intervenir en la autonomía de las decisiones que tomen las mujeres. Por ello, apoyo esta
    propuesta de monitoreo y evaluación.
[2025-06-21 13:52:04] [INFO] debate_logger - True
[2025-06-21 13:52:04] [INFO] debate_logger - Agente: Agente de Union Por La Patria
[2025-06-21 13:52:07] [INFO] debate_logger - Apoyar la creación de un sistema de monitoreo y evaluación de la implementación de la ley es
    fundamental para asegurar que la IVE se aplique de manera efectiva y responsable. La supervisión
    es esencial para detectar problemas en el acceso y la calidad del servicio, así como para
    salvaguardar los derechos de las mujeres que buscan estas prestaciones. Esta medida garantizará
    la rendición de cuentas y la transparencia en la aplicación de la normativa, alineándose con
    nuestros principios de justicia social y derechos humanos.
[2025-06-21 13:52:07] [INFO] debate_logger - True
[2025-06-21 13:52:07] [INFO] debate_logger - Agente: Agente de Izquierda
[2025-06-21 13:52:10] [INFO] debate_logger - La creación de un sistema de monitoreo y evaluación sobre la implementación de la ley es crucial
    para asegurar que se cumpla con los principios de acceso a servicios seguros y dignos. Este
    mecanismo puede garantizar que la ley se aplique no solo con eficacia, sino también con
    transparencia, permitiendo a las organizaciones de la sociedad civil y a las propias mujeres
    realizar un seguimiento de su implementación. Esto va de la mano con la defensa de los derechos
    humanos y la promoción de la salud pública, que son fundamentales para avanzar en la lucha por
    un sistema que respete y garantice la autonomía de las mujeres. Por lo tanto, apoyo firmemente
    esta propuesta.
[2025-06-21 13:52:10] [INFO] debate_logger - True
[2025-06-21 13:52:10] [INFO] debate_logger - Asegurar el acceso universal a métodos anticonceptivos
[2025-06-21 13:52:10] [INFO] debate_logger - Agente: Agente Liberal
[2025-06-21 13:52:19] [INFO] debate_logger - Apoyo la propuesta de asegurar el acceso universal a métodos anticonceptivos porque fomenta la
    responsabilidad personal y la libertad de elección, promoviendo la planificación familiar. Sin
    embargo, no puede considerarse un sustituto para la defensa del derecho a la vida desde la
    concepción. Es una medida que, al promover la prevención de embarazos no deseados, puede
    disminuir la cantidad de abortos, lo que alinea con mi enfoque en la reducción de intervenciones
    estatales en la decisión de las mujeres. Ayuda a empoderarlas con información y opciones, pero
    no altera mi postura fundamental sobre la necesidad de proteger la vida desde su inicio.
[2025-06-21 13:52:19] [INFO] debate_logger - True
[2025-06-21 13:52:19] [INFO] debate_logger - Agente: Agente de Juntos Por El Cambio
[2025-06-21 13:52:21] [INFO] debate_logger - Apoyamos esta propuesta porque garantizar el acceso universal a métodos anticonceptivos es
    fundamental para prevenir embarazos no deseados y, en última instancia, reducir la necesidad de
    recurrir al aborto. Sin embargo, insistimos en que esto debe ir acompañado de una fuerte campaña
    de educación sexual integral que fomente la responsabilidad y la toma de decisiones informadas.
[2025-06-21 13:52:21] [INFO] debate_logger - True
[2025-06-21 13:52:21] [INFO] debate_logger - Agente: Agente de Union Por La Patria
[2025-06-21 13:52:26] [INFO] debate_logger - Apoyamos firmemente la propuesta de asegurar el acceso universal a métodos anticonceptivos, ya que
    es fundamental para prevenir embarazos no deseados, reducir tasas de aborto y promover la salud
    reproductiva de las mujeres. Esta medida complementa efectivamente la Ley de IVE al brindar a
    las mujeres las herramientas necesarias para tomar decisiones informadas sobre sus propios
    cuerpos. La educación y el acceso a anticonceptivos son derechos fundamentales que deben ser
    garantizados por el Estado en un marco de justicia social y dignidad humana.
[2025-06-21 13:52:26] [INFO] debate_logger - True
[2025-06-21 13:52:26] [INFO] debate_logger - Agente: Agente de Izquierda
[2025-06-21 13:52:32] [INFO] debate_logger - Asegurar el acceso universal a métodos anticonceptivos es fundamental para la prevención de
    embarazos no deseados y, por ende, contribuir a la reducción de la demanda de IVE. Esta medida
    se alinea con la defensa de los derechos reproductivos y la autonomía de las mujeres, además de
    ser una herramienta clave en la promoción de la salud sexual y reproductiva. La implementación
    de esta propuesta fortalecería el enfoque integral necesario que debe acompañar a la ley de IVE
    y, por lo tanto, la apoyo firmemente.
[2025-06-21 13:52:32] [INFO] debate_logger - True
[2025-06-21 13:52:32] [INFO] debate_logger - Establecer protocolos de protección de datos y confidencialidad para las mujeres que acceden a la
    IVE
[2025-06-21 13:52:32] [INFO] debate_logger - Agente: Agente Liberal
[2025-06-21 13:53:00] [INFO] debate_logger - El establecimiento de protocolos de protección de datos y confidencialidad para las mujeres que
    acceden a la IVE es fundamental. Aunque sigo en contra de la legalización del aborto por respeto
    al derecho a la vida del no nacido, considero esencial proteger la privacidad y dignidad de las
    personas al acceder a servicios de salud. Esta propuesta aborda una preocupación válida al
    respecto y contribuye a un marco más ético y responsable en la atención de salud, así que la
    apoyo.
[2025-06-21 13:53:00] [INFO] debate_logger - True
[2025-06-21 13:53:00] [INFO] debate_logger - Agente: Agente de Juntos Por El Cambio
[2025-06-21 13:53:05] [INFO] debate_logger - La propuesta de establecer protocolos de protección de datos y confidencialidad es fundamental en el
    marco de una ley que involucra decisiones sumamente sensibles y personales. La protección de la
    privacidad es un derecho que debe ser resguardado, especialmente en temas tan delicados como la
    interrupción del embarazo. El fortalecimiento de la confidencialidad ayudará a reducir el
    estigma y promoverá que las mujeres se sientan más seguras al buscar atención. Esto es coherente
    con la visión de un Estado que protege a sus ciudadanos y garantiza sus derechos.
[2025-06-21 13:53:05] [INFO] debate_logger - True
[2025-06-21 13:53:05] [INFO] debate_logger - Agente: Agente de Union Por La Patria
[2025-06-21 13:53:08] [INFO] debate_logger - La protección de datos y la confidencialidad son fundamentales para garantizar la autonomía y la
    seguridad de las mujeres que acceden a la IVE. Es esencial que se establezcan protocolos claros
    que protejan a las usuarias de cualquier estigmatización y discriminación, además de asegurarles
    un acceso seguro y digno a los servicios de salud. Esto no solo promueve el respeto hacia la
    intimidad de las mujeres, sino que también fortalece la confianza en el sistema de salud
    pública. Por lo tanto, apoyo firmemente esta propuesta.
[2025-06-21 13:53:08] [INFO] debate_logger - True
[2025-06-21 13:53:08] [INFO] debate_logger - Agente: Agente de Izquierda
[2025-06-21 13:53:10] [INFO] debate_logger - La propuesta sobre establecer protocolos de protección de datos y confidencialidad para las mujeres
    que acceden a la IVE resulta fundamental para garantizar no solo el derecho a la privacidad,
    sino también para proteger a las mujeres de posibles estigmatizaciones y presiones sociales en
    un contexto donde las decisiones sobre su salud reproductiva pueden ser objeto de juicios
    morales. La implementación de esta medida es coherente con los principios de autonomía y respeto
    hacia la decisión de las mujeres, creando un marco más seguro para que puedan ejercer sus
    derechos. Por lo tanto, estoy a favor de esta propuesta.
[2025-06-21 13:53:10] [INFO] debate_logger - True
[2025-06-21 13:53:10] [INFO] debate_logger - Crear un registro nacional de profesionales certificados en IVE
[2025-06-21 13:53:10] [INFO] debate_logger - Agente: Agente Liberal
[2025-06-21 13:53:21] [INFO] debate_logger - La creación de un registro nacional de profesionales certificados para la Interrupción Voluntaria
    del Embarazo (IVE) podría garantizar que el procedimiento sea llevado a cabo por personal
    competente. Sin embargo, al mismo tiempo, interfiera en la libertad de elección de los
    profesionales de la salud y en el mercado laboral. Un enfoque más adecuado sería permitir al
    sector privado establecer sus propios estándares de formación y certificación, sin la
    intervención del Estado. Por tanto, considero que la propuesta es un paso hacia una regulación
    inapropiada del mercado de la atención médica y afecta la libertad individual de los médicos y
    mujeres. Por lo tanto, voto en contra.
[2025-06-21 13:53:21] [INFO] debate_logger - False
[2025-06-21 13:53:21] [INFO] debate_logger - Agente: Agente de Juntos Por El Cambio
[2025-06-21 13:53:23] [INFO] debate_logger - La creación de un registro nacional de profesionales certificados en IVE garantizará que las mujeres
    que accedan a estos servicios tengan un nivel adecuado de atención y respeto por sus derechos.
    Es fundamental asegurar que únicamente profesionales capacitados ofrezcan estos servicios, lo
    que puede ayudar a mitigar la preocupación acerca de la calidad y ética de la atención. Al ser
    una medida que busca proteger y garantizar el bienestar de las mujeres, apoyo esta propuesta.
    Sin embargo, esto no altera mi posición respecto a la ley en su totalidad.
[2025-06-21 13:53:23] [INFO] debate_logger - True
[2025-06-21 13:53:23] [INFO] debate_logger - Agente: Agente de Union Por La Patria
[2025-06-21 13:53:27] [INFO] debate_logger - Apoyamos la creación de un registro nacional de profesionales certificados en IVE, ya que esto
    garantizará que las mujeres accedan a atención de calidad, con personal capacitado y
    comprometido, mejorando así la seguridad y la integridad en el acceso a este derecho. Además, el
    registro contribuirá a la transparencia y rendición de cuentas en el sistema de salud.
[2025-06-21 13:53:27] [INFO] debate_logger - True
[2025-06-21 13:53:27] [INFO] debate_logger - Agente: Agente de Izquierda
[2025-06-21 13:53:33] [INFO] debate_logger - La creación de un registro nacional de profesionales certificados para prestar el servicio de
    interrupción voluntaria del embarazo (IVE) es una propuesta que apoyo firmemente. Este registro
    garantizaría que todas las mujeres accedan a una atención médica de calidad y segura,
    promoviendo la salud pública y el respeto por los derechos humanos. Un mecanismo así es
    fundamental para asegurar que el personal médico esté debidamente capacitado y que se respeten
    los protocolos establecidos, brindando confianza a las mujeres que buscan este servicio. Esto
    está en consonancia con nuestro compromiso de asegurar un acceso integral y seguro a la salud y
    los derechos reproductivos.
[2025-06-21 13:53:33] [INFO] debate_logger - True
[2025-06-21 13:53:33] [INFO] debate_logger - Implementar campañas de sensibilización sobre educación sexual integral
[2025-06-21 13:53:33] [INFO] debate_logger - Agente: Agente Liberal
[2025-06-21 13:54:02] [INFO] debate_logger - Si bien la educación sexual integral es importante para empoderar a las personas sobre su salud y
    reducir embarazos no deseados, no se puede utilizar como justificación para el aborto. Las
    campañas de sensibilización deben centrarse en la protección del derecho a la vida desde la
    concepción y en la promoción de alternativas al aborto, como la adopción. Por lo tanto, no puedo
    apoyar esta propuesta en su forma actual, ya que no aborda el problema ético del aborto.
[2025-06-21 13:54:02] [INFO] debate_logger - False
[2025-06-21 13:54:02] [INFO] debate_logger - Agente: Agente de Juntos Por El Cambio
[2025-06-21 13:54:06] [INFO] debate_logger - Apoyar la implementación de campañas de sensibilización sobre educación sexual integral es
    consistente con nuestra visión de promover el conocimiento y la prevención entre los jóvenes.
    Esto ayuda a reducir el número de abortos al ofrecer alternativas proactivas a situaciones
    indeseadas. Sin embargo, esto no cambia mi postura general sobre la legalización del aborto, ya
    que, como mencioné anteriormente, considero que el derecho a la vida desde la concepción es
    fundamental y la ley tal como está sigue siendo inaceptable.
[2025-06-21 13:54:06] [INFO] debate_logger - True
[2025-06-21 13:54:06] [INFO] debate_logger - Agente: Agente de Union Por La Patria
[2025-06-21 13:54:08] [INFO] debate_logger - Apoyar la implementación de campañas de sensibilización sobre educación sexual integral es
    fundamental para complementar nuestra orientación a favor de la Ley de Interrupción Voluntaria
    del Embarazo. Estas campañas no solo empoderan a las personas en sus derechos reproductivos,
    sino que también ayudan a prevenir embarazos no deseados, lo que contribuirá a reducir la
    demanda de abortos. Una educación sólida es la base de una sociedad más informada y responsable.
    Me parece un paso clave hacia la construcción de una salud pública más integral y garantizada
    para todas las mujeres y personas gestantes. Por lo tanto, mi voto es a favor de esta propuesta.
[2025-06-21 13:54:08] [INFO] debate_logger - True
[2025-06-21 13:54:08] [INFO] debate_logger - Agente: Agente de Izquierda
[2025-06-21 13:54:11] [INFO] debate_logger - La implementación de campañas de sensibilización sobre educación sexual integral es fundamental para
    empoderar a las mujeres y a la población en general sobre sus derechos sexuales y reproductivos.
    Estas campañas no solo ayudarán a prevenir embarazos no deseados y reducir la necesidad de
    abortos, sino que también promoverán una cultura de respeto y comprensión en torno a la salud
    sexual. Esta propuesta está en línea con la lucha por los derechos de las mujeres y fortalece la
    ley al abordar sus causas. Es una medida que debemos apoyar sin cuestionamientos, ya que
    respalda el objetivo de una educación integral y accesible. Así, mi voto es a favor de
    incorporar esta propuesta a la ley.
[2025-06-21 13:54:11] [INFO] debate_logger - True
[2025-06-21 13:54:11] [INFO] debate_logger - Crear un mecanismo de supervisión independiente para la ley
[2025-06-21 13:54:11] [INFO] debate_logger - Agente: Agente Liberal
[2025-06-21 13:54:22] [INFO] debate_logger - La creación de un mecanismo de supervisión independiente para la Ley de Interrupción Voluntaria del
    Embarazo es una propuesta que busca garantizar la transparencia y cuidado en la implementación
    de la ley. Aunque no modifica el contenido de la ley en sí, puede ser vista como una forma de
    control estatal, lo que me preocupa. El control debería centrarse en respetar la vida y el
    derecho a decidir sin generar una burocracia que limitara el acceso. No obstante, dado que la
    ley original implica una intervención estatal significativa y que la supervisión puede ayudar a
    asegurar que se respeten los derechos, puedo aceptar esta propuesta siempre que se implemente de
    manera eficiente, sin crear barreras adicionales para el acceso. Por lo tanto, votaría a favor
    de esta propuesta.
[2025-06-21 13:54:22] [INFO] debate_logger - True
[2025-06-21 13:54:22] [INFO] debate_logger - Agente: Agente de Juntos Por El Cambio
[2025-06-21 13:54:25] [INFO] debate_logger - Apoyar la creación de un mecanismo de supervisión independiente es fundamental para asegurar que la
    implementación de la Ley de Interrupción Voluntaria del Embarazo se realice de manera
    transparente y respetuosa de los derechos tanto de las mujeres como de los profesionales de la
    salud. Esto responde a nuestra visión de fortalecer las instituciones y garantizar un marco
    normativo que promueva el control democrático. Por ello, apoyo esta propuesta.
[2025-06-21 13:54:25] [INFO] debate_logger - True
[2025-06-21 13:54:25] [INFO] debate_logger - Agente: Agente de Union Por La Patria
[2025-06-21 13:54:27] [INFO] debate_logger - Apoyar la creación de un mecanismo de supervisión independiente es fundamental para asegurar la
    transparencia y el buen cumplimiento de la Ley de Interrupción Voluntaria del Embarazo (IVE).
    Este mecanismo garantizaría que se sigan los principios de derechos humanos y se resguarde el
    acceso a la IVE de manera efectiva, lo cual es esencial para que la ley cumpla con su objetivo
    de proteger la salud y autonomía de las mujeres. Además, permitirá incorporar la voz de
    organizaciones y expertos en la materia, fortaleciendo la implementación de medidas que
    beneficien a las mujeres.
[2025-06-21 13:54:27] [INFO] debate_logger - True
[2025-06-21 13:54:27] [INFO] debate_logger - Agente: Agente de Izquierda
[2025-06-21 13:54:33] [INFO] debate_logger - La creación de un mecanismo de supervisión independiente para la Ley de Interrupción Voluntaria del
    Embarazo (IVE) es esencial para garantizar su correcta implementación y proteger los derechos de
    las mujeres. Este mecanismo permitirá asegurar la transparencia y la rendición de cuentas en la
    atención de la IVE, previniendo abusos y garantizando que las mujeres puedan ejercer su derecho
    de manera segura y digna. Esta propuesta fortalece la ley y asegura que se cumpla con su
    espíritu de protección y autonomía, por lo que estoy a favor.
[2025-06-21 13:54:33] [INFO] debate_logger - True
[2025-06-21 13:54:33] [INFO] debate_logger - Incorporar cláusulas de protección legal para las mujeres ante presiones externas
[2025-06-21 13:54:33] [INFO] debate_logger - Agente: Agente Liberal
[2025-06-21 13:55:04] [INFO] debate_logger - Aunque la protección legal para las mujeres puede parecer una medida que busca defender su
    autonomía, mi postura se centra en que el Estado no debe intervenir en lo que respecta a
    decisiones morales y éticas asociados a la vida. La idea de proteger legalmente a las mujeres en
    el contexto del aborto perpetúa la noción de que el aborto es una solución aceptable ante un
    embarazo no deseado. Debemos incentivar la responsabilidad sobre los actos y la vida, y no
    apuntar a una protección estatal que avale decisiones que considero incorrectas desde un punto
    de vista ético y moral.
[2025-06-21 13:55:04] [INFO] debate_logger - False
[2025-06-21 13:55:04] [INFO] debate_logger - Agente: Agente de Juntos Por El Cambio
[2025-06-21 13:55:07] [INFO] debate_logger - Creemos que la protección legal para las mujeres ante presiones externas es fundamental para
    garantizar su autonomía y libertad de decisión en el contexto de una ley que involucra derechos
    reproductivos. Sin embargo, consideramos que la ley en sí misma debe enfocarse en la promoción
    de la vida desde la concepción, y por lo tanto, cualquier cláusula que busque proteger la
    voluntariedad de la decisión es necesaria, siempre que no derive en una legislación que haga del
    aborto una opción por defecto en lugar de un último recurso. Esta propuesta puede ser compatible
    con nuestra visión de fortalecer la vida, asegurando que las decisiones de las mujeres se tomen
    sin coerciones externas. Así que, en este caso, la apoyamos.
[2025-06-21 13:55:07] [INFO] debate_logger - True
[2025-06-21 13:55:07] [INFO] debate_logger - Agente: Agente de Union Por La Patria
[2025-06-21 13:55:09] [INFO] debate_logger - Apoyar la incorporación de cláusulas de protección legal para las mujeres ante presiones externas es
    fundamental para garantizar su autonomía y derecho a decidir. Esta medida asegurará que, al
    momento de recurrir a la IVE, las mujeres no sean objeto de coacción, estigmatización o
    amenazas, lo que contribuirá a un marco más seguro y respetuoso para su vida y elección. La
    protección legal es un pilar esencial de cualquier política en materia de derechos
    reproductivos, y su inclusión fortalecería la legislación en defensa de la salud y el bienestar
    de las mujeres.
[2025-06-21 13:55:09] [INFO] debate_logger - True
[2025-06-21 13:55:09] [INFO] debate_logger - Agente: Agente de Izquierda
[2025-06-21 13:55:12] [INFO] debate_logger - Incorporar cláusulas de protección legal para las mujeres ante presiones externas es esencial para
    garantizar la autonomía y el derecho a decidir de las mujeres sobre sus cuerpos. Este enfoque no
    solo protege a las mujeres en su capacidad de tomar decisiones informadas y libres, sino que
    también se alinea con los principios del Frente de Izquierda de respeto por los derechos humanos
    y autonomía reproductiva. Rechazar presiones externas es fundamental en la lucha por los
    derechos de las mujeres y es una medida esencial para combatir el estigma y la violencia de
    género que a menudo rodea la interrupción voluntaria del embarazo. Por lo tanto, esta propuesta
    refuerza la ley y la hace más justa y efectiva.
[2025-06-21 13:55:12] [INFO] debate_logger - True
[2025-06-21 13:55:12] [INFO] debate_logger - Ampliar las causales post-semana 14 para el aborto
[2025-06-21 13:55:12] [INFO] debate_logger - Agente: Agente Liberal
[2025-06-21 13:55:23] [INFO] debate_logger - Ampliar las causales post-semana 14 para el aborto implica un incremento en la posibilidad de
    terminar con vidas humanas en un momento crucial del desarrollo fetal. Desde la perspectiva
    liberal que defiendo, el derecho a la vida del feto debe ser reconocido, y esta propuesta
    desafía ese principio fundamental. El enfoque debería centrarse en la protección de la vida
    desde la concepción, no en la expansión de condiciones que legitimicen su terminación.
[2025-06-21 13:55:23] [INFO] debate_logger - False
[2025-06-21 13:55:23] [INFO] debate_logger - Agente: Agente de Juntos Por El Cambio
[2025-06-21 13:55:26] [INFO] debate_logger - Creemos que ampliar las causales post-semana 14 sin una regulación estricta puede llevar a un uso
    excesivo y poco claro del aborto tardío. La protección de la vida desde la concepción es un
    principio fundamental en nuestra ideología y consideramos que permitiese la interrupción del
    embarazo en múltiples circunstancias podría vulnerar ese derecho. Entendemos la necesidad de
    atención integral y apoyo para las mujeres, pero la solución no debe sacrificarse el valor de la
    vida.
[2025-06-21 13:55:26] [INFO] debate_logger - False
[2025-06-21 13:55:26] [INFO] debate_logger - Agente: Agente de Union Por La Patria
[2025-06-21 13:55:28] [INFO] debate_logger - Ampliar las causales post-semana 14 es una necesidad crucial para garantizar que las mujeres puedan
    acceder a la interrupción del embarazo en circunstancias que podrían afectar su vida o salud, su
    bienestar psicosocial, o situaciones de violencia de género. Es fundamental que la ley sea
    inclusiva y contemple todas las realidades que pueden enfrentar las mujeres. La autonomía de las
    personas gestantes debe ser prioritaria, y al ampliar las causales, se respeta y protege su
    dignidad y derechos fundamentales. Por lo tanto, apoyo esta propuesta.
[2025-06-21 13:55:28] [INFO] debate_logger - True
[2025-06-21 13:55:28] [INFO] debate_logger - Agente: Agente de Izquierda
[2025-06-21 13:55:35] [INFO] debate_logger - Ampliar las causales post-semana 14 para el aborto es fundamental ya que reconoce la diversidad de
    situaciones que pueden enfrentar las mujeres durante un embarazo. Esto incluye no solo la salud
    física, sino también la salud mental y situaciones de violencia, abuso o graves malformaciones
    congénitas que puedan comprometer la calidad de vida del bebé o de la madre. Mantener un enfoque
    restrictivo no solo es una violación de los derechos reproductivos, sino que también expone a
    las mujeres a situaciones de riesgo y vulnerabilidad. La ampliación de causales es un paso hacia
    una atención realmente integral y justo para todas las mujeres, alineándose con el principio de
    respeto a la autonomía de las personas gestantes.
[2025-06-21 13:55:35] [INFO] debate_logger - True
[2025-06-21 13:55:35] [INFO] debate_logger - Establecimiento de programas de formación continua en derechos humanos para el personal de salud
[2025-06-21 13:55:35] [INFO] debate_logger - Agente: Agente Liberal
[2025-06-21 13:56:05] [INFO] debate_logger - El establecimiento de programas de formación continua en derechos humanos para el personal de salud
    podría parecer beneficioso para asegurar atención digna. Pero cuidado: en su implementación
    podría incluir ideologías que refuercen la deshumanización del feto y perpetúen la persecución
    de quienes no apoyen la IVE. Además, repartir dinero público para capacitación destinada a
    formar en 'derechos' que van en contra del principio de protección a la vida es un uso indebido
    de recursos. La formación debería centrarse exclusivamente en competencias prácticas y no
    ideológicas. Por eso, rechazo esta propuesta.
[2025-06-21 13:56:05] [INFO] debate_logger - False
[2025-06-21 13:56:05] [INFO] debate_logger - Agente: Agente de Juntos Por El Cambio
[2025-06-21 13:56:08] [INFO] debate_logger - Proponemos la implementación de programas de formación continua en derechos humanos para el personal
    de salud. Sin embargo, es fundamental que se asegure que dicha formación no se convierta en una
    herramienta que desvirtúe la esencia de la objeción de conciencia de profesionales que pueden no
    estar de acuerdo moralmente con la práctica del aborto. En este sentido, es vital encontrar un
    equilibrio entre la defensa de los derechos humanos y la respectiva libertad de conciencia de
    cada profesional. Por lo tanto, aunque apoyamos la capacitación en derechos humanos para que los
    médicos actúen con respeto y ética, debemos asegurar que esta preparación no afecte la objeción
    de conciencia. Mi voto es a favor de establecer estos programas de formación, siempre y cuando
    incorporen estos principios de respeto y balance.
[2025-06-21 13:56:08] [INFO] debate_logger - True
[2025-06-21 13:56:08] [INFO] debate_logger - Agente: Agente de Union Por La Patria
[2025-06-21 13:56:10] [INFO] debate_logger - Apoyamos la propuesta de establecer programas de formación continua en derechos humanos para el
    personal de salud, ya que garantiza que quienes brindan atención en IVE actúen con un enfoque de
    derechos humanos, promoviendo el respeto y la dignidad de las mujeres. La formación en derechos
    humanos es fundamental para asegurar que las decisiones de las mujeres sean respetadas y que se
    brinde un trato adecuado y sensible a sus necesidades.
[2025-06-21 13:56:10] [INFO] debate_logger - True
[2025-06-21 13:56:10] [INFO] debate_logger - Agente: Agente de Izquierda
[2025-06-21 13:56:13] [INFO] debate_logger - Apoyamos el establecimiento de programas de formación continua en derechos humanos para el personal
    de salud, ya que esto es fundamental para garantizar que la atención en IVE se brinde con un
    enfoque de respeto y dignidad hacia las mujeres. Dicha formación es esencial para asegurar que
    el personal médico comprenda y respete la autonomía de las mujeres, fortaleciendo sus derechos
    reproductivos y garantizando una atención de calidad y sin discriminaciones.
[2025-06-21 13:56:13] [INFO] debate_logger - True
[2025-06-21 13:56:13] [INFO] debate_logger - ['Incluir un programa de educación sexual integral en todas las escuelas', 'Establecer un programa
    de formación obligatoria en atención y acompañamiento a mujeres en situaciones de aborto',
    'Crear un sistema de monitoreo y evaluación de la implementación de la ley', 'Asegurar el acceso
    universal a métodos anticonceptivos', 'Establecer protocolos de protección de datos y
    confidencialidad para las mujeres que acceden a la IVE', 'Crear un registro nacional de
    profesionales certificados en IVE', 'Implementar campañas de sensibilización sobre educación
    sexual integral', 'Crear un mecanismo de supervisión independiente para la ley', 'Incorporar
    cláusulas de protección legal para las mujeres ante presiones externas', 'Establecimiento de
    programas de formación continua en derechos humanos para el personal de salud']
[2025-06-21 13:56:13] [INFO] debate_logger - -----------------------------------Round 5 -----------------------------------
[2025-06-21 13:56:13] [INFO] debate_logger - Agente: Agente Liberal
[2025-06-21 13:56:26] [INFO] debate_logger - [Agente Liberal]: Parto de la premisa fundamental de que la defensa de la vida desde la concepción
    es un valor que no puede ser sacrificado. Aunque se han incorporado importantes modificaciones
    al texto de la ley, como la implementación de programas de educación sexual integral y el acceso
    a métodos anticonceptivos, que considero positivos y necesarios, la piedra angular de la ley
    sigue siendo la legalización del aborto, que no puedo respaldar desde mi posición ideológica. La
    existencia de las cláusulas que protegen la privacidad y confidencialidad, al igual que los
    protocolos y programas de formación continuada para el personal de salud, no alteran mi postura
    en relación al reconocimiento del aborto como un derecho, ya que esto continúa en conflicto con
    mi convicción sobre el derecho a la vida. Por lo tanto, mantengo mi voto en contra.
[2025-06-21 13:56:26] [INFO] debate_logger - Agente: Agente de Juntos Por El Cambio
[2025-06-21 13:56:29] [INFO] debate_logger - [Agente de Juntos Por El Cambio]: Luego de un análisis exhaustivo de las modificaciones propuestas y
    su integración a la Ley de Interrupción Voluntaria del Embarazo (IVE), quiero subrayar que
    algunas modificaciones son un avance significativo hacia un enfoque más responsable y completo
    sobre la salud reproductiva. La inclusión de un programa de educación sexual integral, el
    establecimiento de protocolos de protección de datos y la creación de un registro nacional de
    profesionales certificados son pasos que pueden ayudar a asegurar que las mujeres tengan acceso
    a información y recursos adecuados, así como atención segura y competente. Sin embargo, la
    esencia de la ley sigue siendo la legalización del aborto, que va en contra de nuestros
    principios que priorizan el derecho a la vida desde la concepción. Por lo tanto, aunque
    reconozco las avanzadas modificaciones, mi postura en defensa de la vida no me permite votar a
    favor, y seguiré oponiéndome a esta ley en su conjunto.
[2025-06-21 13:56:29] [INFO] debate_logger - Agente: Agente de Union Por La Patria
[2025-06-21 13:56:36] [INFO] debate_logger - [Agente de Union Por La Patria]: Desde la perspectiva de la Unión por la Patria, la inclusión de
    todas las modificaciones propuestas representa un avance significativo y correspondiente con
    nuestros principios de justicia social, igualdad de género y derechos humanos. Estas
    modificaciones no solo fortalecen la Ley de Interrupción Voluntaria del Embarazo (IVE), sino que
    también abordan las preocupaciones reales sobre educación, acceso a servicios de salud, y la
    protección de los derechos de las mujeres ante situaciones adversas. La educación sexual
    integral y el acceso universal a métodos anticonceptivos son claves para reducir la necesidad de
    abortos y empoderar a las mujeres en sus decisiones reproductivas. Igualmente, las medidas de
    monitoreo y la formación continua del personal sanitario garantizan que la implementación de la
    ley se haga con respeto y dignidad. La creación de mecanismos de supervisión y la protección
    legal ante presiones externas son esenciales para asegurar que las mujeres puedan acceder al
    aborto sin temor justificado. Respaldar esta ley, con sus modificaciones, es un paso hacia una
    sociedad más equitativa y justa, donde se respete la autonomía y los derechos de todas las
    personas. Por lo tanto, mi voto es a favor de la ley.
[2025-06-21 13:56:36] [INFO] debate_logger - Agente: Agente de Izquierda
[2025-06-21 13:57:08] [INFO] debate_logger - [Agente de Izquierda]: Voto a favor de la Ley de Interrupción Voluntaria del Embarazo (IVE) con las
    modificaciones acordadas. Estas modificaciones fortalecen el texto original al garantizar
    educación sexual integral, acceso a métodos anticonceptivos y protección a las mujeres que
    deciden ejercer su derecho a abortar. Además, permiten una mejor supervisión e implementación de
    la ley, asegurando que se cumplan los derechos de las mujeres en nuestro país. La ley, junto con
    estas adiciones, reafirma el derecho de las mujeres a decidir sobre sus cuerpos y combate la
    clandestinidad y la desinformación, claves en el acceso a derechos reproductivos. Estas son
    conquistas que debemos seguir defendiendo y ampliando, por lo que considero que la ley
    representa un avance significativo hacia la igualdad de derechos y una salud pública más justa y
    accesible. Por tanto, mi voto es a favor.